Arguments: 
  /usr/bin/node /home/arne/.cache/node/corepack/yarn/1.22.19/bin/yarn.js install

PATH: 
  /usr/local/sbin:/usr/local/bin:/usr/sbin:/usr/bin:/sbin:/bin:/usr/games:/usr/local/games:/mnt/c/Program Files/Common Files/Oracle/Java/javapath:/mnt/c/WINDOWS/system32:/mnt/c/WINDOWS:/mnt/c/WINDOWS/System32/Wbem:/mnt/c/WINDOWS/System32/WindowsPowerShell/v1.0/:/mnt/c/WINDOWS/System32/OpenSSH/:/mnt/c/Program Files/Docker/Docker/resources/bin:/mnt/c/ProgramData/DockerDesktop/version-bin:/mnt/c/Program Files/Git/cmd:/mnt/c/Program Files/apache-maven-3.8.5/bin:/mnt/c/Program Files/LLVM/bin:/mnt/c/Strawberry/c/bin:/mnt/c/Strawberry/perl/site/bin:/mnt/c/Strawberry/perl/bin:/mnt/c/Users/arnep/AppData/Local/Microsoft/WindowsApps:/mnt/c/Users/arnep/AppData/Local/Programs/Microsoft VS Code/bin:/mnt/c/Users/arnep/AppData/Local/Programs/MiKTeX/miktex/bin/x64/:/mnt/c/users/arnep/appdata/local/packages/pythonsoftwarefoundation.python.3.10_qbz5n2kfra8p0/localcache/local-packages/python310/site-packages:/mnt/c/users/arnep/appdata/local/packages/pythonsoftwarefoundation.python.3.10_qbz5n2kfra8p0/localcache/local-packages/python310:/mnt/c/users/arnep/appdata/local/packages/pythonsoftwarefoundation.python.3.10_qbz5n2kfra8p0/localcache/local-packages/python310/scripts:/snap/bin

Yarn version: 
  1.22.19

Node version: 
  18.17.0

Platform: 
  linux x64

Trace: 
  Error: https://registry.yarnpkg.com/@aws-sdk%2fclient-cloudwatch-logs: tunneling socket could not be established, cause=connect ECONNREFUSED 173.201.183.172:8000
      at ClientRequest.onError (/home/arne/.cache/node/corepack/yarn/1.22.19/lib/cli.js:152376:17)
      at Object.onceWrapper (node:events:629:26)
      at ClientRequest.emit (node:events:514:28)
      at Socket.socketErrorListener (node:_http_client:501:9)
      at Socket.emit (node:events:514:28)
      at emitErrorNT (node:internal/streams/destroy:151:8)
      at emitErrorCloseNT (node:internal/streams/destroy:116:3)
      at process.processTicksAndRejections (node:internal/process/task_queues:82:21)

npm manifest: 
  {
      "name": "aws-serverless-typescript-api",
      "version": "1.0.0",
      "description": "Serverless aws-nodejs-typescript template",
      "main": "serverless.ts",
      "engines": {
          "node": ">=18"
      },
      "dependencies": {
          "@aws-sdk/client-cloudwatch-logs": "^3.342.0",
          "@aws-sdk/client-dynamodb": "^3.329.0",
          "@aws-sdk/client-lambda": "^3.332.0",
          "@aws-sdk/client-s3": "^3.332.0",
          "@aws-sdk/client-sns": "^3.328.0",
          "@aws-sdk/util-dynamodb": "^3.329.0",
          "@middy/core": "^3.4.0",
          "@middy/http-json-body-parser": "^3.4.0",
          "node-fetch": "^3.3.1"
      },
      "devDependencies": {
          "@serverless/typescript": "^3.0.0",
          "@types/aws-lambda": "^8.10.71",
          "@types/jest": "^29.5.1",
          "@types/node": "^20.1.3",
          "esbuild": "^0.14.11",
          "jest": "^29.5.0",
          "json-schema-to-ts": "^1.5.0",
          "serverless": "^3.31.0",
          "serverless-esbuild": "^1.23.3",
          "ts-jest": "^29.1.0",
          "ts-node": "^10.4.0",
          "tsconfig-paths": "^3.9.0",
          "typescript": "^4.1.3"
      },
      "author": "The serverless webpack authors (https://github.com/elastic-coders/serverless-webpack)",
      "license": "MIT"
  }

yarn manifest: 
  No manifest

Lockfile: 
  No lockfile
